<?xml version="1.0" encoding="UTF-8"?>
<coverage generated="1509402047764" clover="3.2.0">
  <project timestamp="1509402047764" name="All files">
    <metrics statements="72" coveredstatements="62" conditionals="15" coveredconditionals="11" methods="22" coveredmethods="14" elements="109" coveredelements="87" complexity="0" loc="72" ncloc="72" packages="2" files="5" classes="5">
      <package name="fileData">
        <metrics statements="40" coveredstatements="30" conditionals="2" coveredconditionals="1" methods="19" coveredmethods="11"/>
        <file name="file-routes.js" path="/Users/meganr/dev/codefellows-401-labs/lab-13-object-relational-mapping/fileData/file-routes.js">
          <metrics statements="37" coveredstatements="27" conditionals="2" coveredconditionals="1" methods="19" coveredmethods="11"/>
          <line num="3" count="1" type="stmt"/>
          <line num="4" count="1" type="stmt"/>
          <line num="5" count="1" type="stmt"/>
          <line num="6" count="1" type="stmt"/>
          <line num="9" count="1" type="stmt"/>
          <line num="12" count="4" type="stmt"/>
          <line num="13" count="4" type="stmt"/>
          <line num="14" count="4" type="stmt"/>
          <line num="17" count="1" type="stmt"/>
          <line num="18" count="1" type="cond" truecount="1" falsecount="1"/>
          <line num="19" count="1" type="stmt"/>
          <line num="20" count="1" type="stmt"/>
          <line num="21" count="0" type="stmt"/>
          <line num="24" count="1" type="stmt"/>
          <line num="25" count="2" type="stmt"/>
          <line num="26" count="1" type="stmt"/>
          <line num="27" count="1" type="stmt"/>
          <line num="30" count="1" type="stmt"/>
          <line num="31" count="2" type="stmt"/>
          <line num="32" count="2" type="stmt"/>
          <line num="33" count="1" type="stmt"/>
          <line num="35" count="1" type="stmt"/>
          <line num="39" count="1" type="stmt"/>
          <line num="40" count="0" type="stmt"/>
          <line num="41" count="0" type="stmt"/>
          <line num="42" count="0" type="stmt"/>
          <line num="43" count="0" type="stmt"/>
          <line num="45" count="0" type="stmt"/>
          <line num="49" count="1" type="stmt"/>
          <line num="50" count="3" type="stmt"/>
          <line num="51" count="3" type="stmt"/>
          <line num="52" count="0" type="stmt"/>
          <line num="54" count="3" type="stmt"/>
          <line num="58" count="1" type="stmt"/>
          <line num="59" count="0" type="stmt"/>
          <line num="60" count="0" type="stmt"/>
          <line num="62" count="0" type="stmt"/>
        </file>
        <file name="model.js" path="/Users/meganr/dev/codefellows-401-labs/lab-13-object-relational-mapping/fileData/model.js">
          <metrics statements="3" coveredstatements="3" conditionals="0" coveredconditionals="0" methods="0" coveredmethods="0"/>
          <line num="4" count="1" type="stmt"/>
          <line num="6" count="1" type="stmt"/>
          <line num="15" count="1" type="stmt"/>
        </file>
      </package>
      <package name="lib">
        <metrics statements="32" coveredstatements="32" conditionals="13" coveredconditionals="10" methods="3" coveredmethods="3"/>
        <file name="error.js" path="/Users/meganr/dev/codefellows-401-labs/lab-13-object-relational-mapping/lib/error.js">
          <metrics statements="20" coveredstatements="20" conditionals="9" coveredconditionals="8" methods="2" coveredmethods="2"/>
          <line num="7" count="5" type="stmt"/>
          <line num="9" count="5" type="stmt"/>
          <line num="12" count="5" type="stmt"/>
          <line num="16" count="4" type="stmt"/>
          <line num="17" count="4" type="stmt"/>
          <line num="18" count="4" type="stmt"/>
          <line num="19" count="4" type="stmt"/>
          <line num="20" count="4" type="cond" truecount="2" falsecount="0"/>
          <line num="21" count="2" type="stmt"/>
          <line num="22" count="2" type="stmt"/>
          <line num="24" count="4" type="cond" truecount="2" falsecount="0"/>
          <line num="25" count="2" type="stmt"/>
          <line num="26" count="2" type="stmt"/>
          <line num="28" count="4" type="cond" truecount="2" falsecount="0"/>
          <line num="29" count="2" type="stmt"/>
          <line num="30" count="2" type="stmt"/>
          <line num="32" count="4" type="cond" truecount="2" falsecount="0"/>
          <line num="33" count="2" type="stmt"/>
          <line num="34" count="2" type="stmt"/>
          <line num="40" count="1" type="stmt"/>
        </file>
        <file name="mongooseDB.js" path="/Users/meganr/dev/codefellows-401-labs/lab-13-object-relational-mapping/lib/mongooseDB.js">
          <metrics statements="3" coveredstatements="3" conditionals="0" coveredconditionals="0" methods="0" coveredmethods="0"/>
          <line num="3" count="1" type="stmt"/>
          <line num="4" count="1" type="stmt"/>
          <line num="6" count="1" type="stmt"/>
        </file>
        <file name="server.js" path="/Users/meganr/dev/codefellows-401-labs/lab-13-object-relational-mapping/lib/server.js">
          <metrics statements="9" coveredstatements="9" conditionals="4" coveredconditionals="2" methods="1" coveredmethods="1"/>
          <line num="4" count="1" type="stmt"/>
          <line num="5" count="1" type="stmt"/>
          <line num="7" count="1" type="stmt"/>
          <line num="9" count="1" type="stmt"/>
          <line num="10" count="5" type="stmt"/>
          <line num="11" count="5" type="cond" truecount="1" falsecount="1"/>
          <line num="12" count="5" type="cond" truecount="1" falsecount="1"/>
          <line num="13" count="5" type="stmt"/>
          <line num="14" count="5" type="stmt"/>
        </file>
      </package>
    </metrics>
  </project>
</coverage>
