{"/Users/meganr/dev/codefellows-401-labs/lab-13-object-relational-mapping/fileData/file-routes.js": {"path":"/Users/meganr/dev/codefellows-401-labs/lab-13-object-relational-mapping/fileData/file-routes.js","statementMap":{"0":{"start":{"line":3,"column":16},"end":{"line":3,"column":34}},"1":{"start":{"line":4,"column":19},"end":{"line":4,"column":48}},"2":{"start":{"line":5,"column":17},"end":{"line":5,"column":35}},"3":{"start":{"line":6,"column":20},"end":{"line":6,"column":43}},"4":{"start":{"line":9,"column":19},"end":{"line":9,"column":52}},"5":{"start":{"line":11,"column":0},"end":{"line":16,"column":3}},"6":{"start":{"line":12,"column":19},"end":{"line":12,"column":34}},"7":{"start":{"line":13,"column":2},"end":{"line":15,"column":90}},"8":{"start":{"line":14,"column":19},"end":{"line":14,"column":34}},"9":{"start":{"line":15,"column":18},"end":{"line":15,"column":88}},"10":{"start":{"line":18,"column":0},"end":{"line":22,"column":3}},"11":{"start":{"line":19,"column":2},"end":{"line":21,"column":47}},"12":{"start":{"line":20,"column":19},"end":{"line":20,"column":34}},"13":{"start":{"line":21,"column":18},"end":{"line":21,"column":45}},"14":{"start":{"line":24,"column":0},"end":{"line":29,"column":3}},"15":{"start":{"line":25,"column":20},"end":{"line":25,"column":42}},"16":{"start":{"line":26,"column":2},"end":{"line":28,"column":70}},"17":{"start":{"line":27,"column":18},"end":{"line":27,"column":32}},"18":{"start":{"line":28,"column":18},"end":{"line":28,"column":68}},"19":{"start":{"line":31,"column":0},"end":{"line":36,"column":3}},"20":{"start":{"line":32,"column":20},"end":{"line":32,"column":42}},"21":{"start":{"line":33,"column":2},"end":{"line":35,"column":40}},"22":{"start":{"line":34,"column":18},"end":{"line":34,"column":38}},"23":{"start":{"line":35,"column":18},"end":{"line":35,"column":38}},"24":{"start":{"line":38,"column":0},"end":{"line":42,"column":3}},"25":{"start":{"line":39,"column":2},"end":{"line":41,"column":44}},"26":{"start":{"line":40,"column":18},"end":{"line":40,"column":56}},"27":{"start":{"line":41,"column":18},"end":{"line":41,"column":42}},"28":{"start":{"line":44,"column":0},"end":{"line":49,"column":3}},"29":{"start":{"line":45,"column":2},"end":{"line":45,"column":22}},"30":{"start":{"line":46,"column":2},"end":{"line":48,"column":44}},"31":{"start":{"line":47,"column":18},"end":{"line":47,"column":38}},"32":{"start":{"line":48,"column":18},"end":{"line":48,"column":42}}},"fnMap":{"0":{"name":"(anonymous_0)","decl":{"start":{"line":11,"column":30},"end":{"line":11,"column":31}},"loc":{"start":{"line":11,"column":50},"end":{"line":16,"column":1}},"line":11},"1":{"name":"(anonymous_1)","decl":{"start":{"line":14,"column":10},"end":{"line":14,"column":11}},"loc":{"start":{"line":14,"column":19},"end":{"line":14,"column":34}},"line":14},"2":{"name":"(anonymous_2)","decl":{"start":{"line":15,"column":11},"end":{"line":15,"column":12}},"loc":{"start":{"line":15,"column":18},"end":{"line":15,"column":88}},"line":15},"3":{"name":"(anonymous_3)","decl":{"start":{"line":18,"column":34},"end":{"line":18,"column":35}},"loc":{"start":{"line":18,"column":54},"end":{"line":22,"column":1}},"line":18},"4":{"name":"(anonymous_4)","decl":{"start":{"line":20,"column":10},"end":{"line":20,"column":11}},"loc":{"start":{"line":20,"column":19},"end":{"line":20,"column":34}},"line":20},"5":{"name":"(anonymous_5)","decl":{"start":{"line":21,"column":11},"end":{"line":21,"column":12}},"loc":{"start":{"line":21,"column":18},"end":{"line":21,"column":45}},"line":21},"6":{"name":"(anonymous_6)","decl":{"start":{"line":24,"column":43},"end":{"line":24,"column":44}},"loc":{"start":{"line":24,"column":63},"end":{"line":29,"column":1}},"line":24},"7":{"name":"(anonymous_7)","decl":{"start":{"line":27,"column":10},"end":{"line":27,"column":11}},"loc":{"start":{"line":27,"column":18},"end":{"line":27,"column":32}},"line":27},"8":{"name":"(anonymous_8)","decl":{"start":{"line":28,"column":11},"end":{"line":28,"column":12}},"loc":{"start":{"line":28,"column":18},"end":{"line":28,"column":68}},"line":28},"9":{"name":"(anonymous_9)","decl":{"start":{"line":31,"column":45},"end":{"line":31,"column":46}},"loc":{"start":{"line":31,"column":65},"end":{"line":36,"column":1}},"line":31},"10":{"name":"(anonymous_10)","decl":{"start":{"line":34,"column":10},"end":{"line":34,"column":11}},"loc":{"start":{"line":34,"column":18},"end":{"line":34,"column":38}},"line":34},"11":{"name":"(anonymous_11)","decl":{"start":{"line":35,"column":11},"end":{"line":35,"column":12}},"loc":{"start":{"line":35,"column":18},"end":{"line":35,"column":38}},"line":35},"12":{"name":"(anonymous_12)","decl":{"start":{"line":38,"column":45},"end":{"line":38,"column":46}},"loc":{"start":{"line":38,"column":65},"end":{"line":42,"column":1}},"line":38},"13":{"name":"(anonymous_13)","decl":{"start":{"line":40,"column":10},"end":{"line":40,"column":11}},"loc":{"start":{"line":40,"column":18},"end":{"line":40,"column":56}},"line":40},"14":{"name":"(anonymous_14)","decl":{"start":{"line":41,"column":11},"end":{"line":41,"column":12}},"loc":{"start":{"line":41,"column":18},"end":{"line":41,"column":42}},"line":41},"15":{"name":"(anonymous_15)","decl":{"start":{"line":44,"column":48},"end":{"line":44,"column":49}},"loc":{"start":{"line":44,"column":68},"end":{"line":49,"column":1}},"line":44},"16":{"name":"(anonymous_16)","decl":{"start":{"line":47,"column":10},"end":{"line":47,"column":11}},"loc":{"start":{"line":47,"column":18},"end":{"line":47,"column":38}},"line":47},"17":{"name":"(anonymous_17)","decl":{"start":{"line":48,"column":11},"end":{"line":48,"column":12}},"loc":{"start":{"line":48,"column":18},"end":{"line":48,"column":42}},"line":48}},"branchMap":{"0":{"loc":{"start":{"line":12,"column":19},"end":{"line":12,"column":34}},"type":"binary-expr","locations":[{"start":{"line":12,"column":19},"end":{"line":12,"column":28}},{"start":{"line":12,"column":32},"end":{"line":12,"column":34}}],"line":12}},"s":{"0":1,"1":1,"2":1,"3":1,"4":1,"5":1,"6":1,"7":1,"8":1,"9":0,"10":1,"11":0,"12":0,"13":0,"14":1,"15":1,"16":1,"17":1,"18":0,"19":1,"20":0,"21":0,"22":0,"23":0,"24":1,"25":0,"26":0,"27":0,"28":1,"29":0,"30":0,"31":0,"32":0},"f":{"0":1,"1":1,"2":0,"3":0,"4":0,"5":0,"6":1,"7":1,"8":0,"9":0,"10":0,"11":0,"12":0,"13":0,"14":0,"15":0,"16":0,"17":0},"b":{"0":[1,0]},"_coverageSchema":"332fd63041d2c1bcb487cc26dd0d5f7d97098a6c","hash":"dac629312ec453efb552ca1cc98864be3a7687f2"}
,"/Users/meganr/dev/codefellows-401-labs/lab-13-object-relational-mapping/fileData/model.js": {"path":"/Users/meganr/dev/codefellows-401-labs/lab-13-object-relational-mapping/fileData/model.js","statementMap":{"0":{"start":{"line":4,"column":17},"end":{"line":4,"column":36}},"1":{"start":{"line":6,"column":27},"end":{"line":13,"column":2}},"2":{"start":{"line":15,"column":0},"end":{"line":15,"column":68}}},"fnMap":{},"branchMap":{},"s":{"0":1,"1":1,"2":1},"f":{},"b":{},"_coverageSchema":"332fd63041d2c1bcb487cc26dd0d5f7d97098a6c","hash":"32eadce0c19870d8f87c26d000bed562f3402e26"}
,"/Users/meganr/dev/codefellows-401-labs/lab-13-object-relational-mapping/lib/error.js": {"path":"/Users/meganr/dev/codefellows-401-labs/lab-13-object-relational-mapping/lib/error.js","statementMap":{"0":{"start":{"line":7,"column":4},"end":{"line":7,"column":21}},"1":{"start":{"line":9,"column":4},"end":{"line":9,"column":47}},"2":{"start":{"line":12,"column":4},"end":{"line":12,"column":25}},"3":{"start":{"line":17,"column":0},"end":{"line":17,"column":29}}},"fnMap":{"0":{"name":"(anonymous_0)","decl":{"start":{"line":5,"column":2},"end":{"line":5,"column":3}},"loc":{"start":{"line":5,"column":39},"end":{"line":13,"column":3}},"line":5}},"branchMap":{"0":{"loc":{"start":{"line":5,"column":14},"end":{"line":5,"column":26}},"type":"default-arg","locations":[{"start":{"line":5,"column":23},"end":{"line":5,"column":26}}],"line":5}},"s":{"0":0,"1":0,"2":0,"3":1},"f":{"0":0},"b":{"0":[0]},"_coverageSchema":"332fd63041d2c1bcb487cc26dd0d5f7d97098a6c","hash":"a2e66edf410dd0b4730a53d22398126146f38a49"}
,"/Users/meganr/dev/codefellows-401-labs/lab-13-object-relational-mapping/lib/mongooseDB.js": {"path":"/Users/meganr/dev/codefellows-401-labs/lab-13-object-relational-mapping/lib/mongooseDB.js","statementMap":{"0":{"start":{"line":3,"column":17},"end":{"line":3,"column":36}},"1":{"start":{"line":4,"column":0},"end":{"line":4,"column":39}},"2":{"start":{"line":6,"column":0},"end":{"line":6,"column":26}}},"fnMap":{},"branchMap":{},"s":{"0":1,"1":1,"2":1},"f":{},"b":{},"_coverageSchema":"332fd63041d2c1bcb487cc26dd0d5f7d97098a6c","hash":"34bbe0f263b4460f90c1d10a2e831f2c64283366"}
,"/Users/meganr/dev/codefellows-401-labs/lab-13-object-relational-mapping/lib/server.js": {"path":"/Users/meganr/dev/codefellows-401-labs/lab-13-object-relational-mapping/lib/server.js","statementMap":{"0":{"start":{"line":4,"column":12},"end":{"line":4,"column":49}},"1":{"start":{"line":5,"column":23},"end":{"line":5,"column":70}},"2":{"start":{"line":7,"column":0},"end":{"line":7,"column":35}},"3":{"start":{"line":9,"column":0},"end":{"line":14,"column":3}},"4":{"start":{"line":10,"column":2},"end":{"line":10,"column":19}},"5":{"start":{"line":11,"column":15},"end":{"line":11,"column":32}},"6":{"start":{"line":12,"column":16},"end":{"line":12,"column":51}},"7":{"start":{"line":13,"column":2},"end":{"line":13,"column":42}}},"fnMap":{"0":{"name":"(anonymous_0)","decl":{"start":{"line":9,"column":8},"end":{"line":9,"column":9}},"loc":{"start":{"line":9,"column":33},"end":{"line":14,"column":1}},"line":9}},"branchMap":{"0":{"loc":{"start":{"line":11,"column":15},"end":{"line":11,"column":32}},"type":"binary-expr","locations":[{"start":{"line":11,"column":15},"end":{"line":11,"column":25}},{"start":{"line":11,"column":29},"end":{"line":11,"column":32}}],"line":11},"1":{"loc":{"start":{"line":12,"column":16},"end":{"line":12,"column":51}},"type":"binary-expr","locations":[{"start":{"line":12,"column":16},"end":{"line":12,"column":27}},{"start":{"line":12,"column":31},"end":{"line":12,"column":51}}],"line":12}},"s":{"0":1,"1":1,"2":1,"3":1,"4":0,"5":0,"6":0,"7":0},"f":{"0":0},"b":{"0":[0,0],"1":[0,0]},"_coverageSchema":"332fd63041d2c1bcb487cc26dd0d5f7d97098a6c","hash":"14e46dd98d4a43cb260f56015fb43b2c68a2c8ac"}
}
