TN:
SF:/Users/meganr/dev/codefellows-401-labs/lab-13-object-relational-mapping/fileData/file-routes.js
FN:11,errorCheck
FN:17,(anonymous_1)
FN:20,(anonymous_2)
FN:21,(anonymous_3)
FN:24,(anonymous_4)
FN:26,(anonymous_5)
FN:27,(anonymous_6)
FN:30,(anonymous_7)
FN:33,(anonymous_8)
FN:34,(anonymous_9)
FN:39,(anonymous_10)
FN:43,(anonymous_11)
FN:44,(anonymous_12)
FN:49,(anonymous_13)
FN:52,(anonymous_14)
FN:53,(anonymous_15)
FN:58,(anonymous_16)
FN:60,(anonymous_17)
FN:61,(anonymous_18)
FNF:19
FNH:11
FNDA:4,errorCheck
FNDA:1,(anonymous_1)
FNDA:1,(anonymous_2)
FNDA:0,(anonymous_3)
FNDA:2,(anonymous_4)
FNDA:1,(anonymous_5)
FNDA:1,(anonymous_6)
FNDA:2,(anonymous_7)
FNDA:1,(anonymous_8)
FNDA:1,(anonymous_9)
FNDA:0,(anonymous_10)
FNDA:0,(anonymous_11)
FNDA:0,(anonymous_12)
FNDA:3,(anonymous_13)
FNDA:0,(anonymous_14)
FNDA:3,(anonymous_15)
FNDA:0,(anonymous_16)
FNDA:0,(anonymous_17)
FNDA:0,(anonymous_18)
DA:3,1
DA:4,1
DA:5,1
DA:6,1
DA:9,1
DA:12,4
DA:13,4
DA:14,4
DA:17,1
DA:18,1
DA:19,1
DA:20,1
DA:21,0
DA:24,1
DA:25,2
DA:26,1
DA:27,1
DA:30,1
DA:31,2
DA:32,2
DA:33,1
DA:35,1
DA:39,1
DA:40,0
DA:41,0
DA:42,0
DA:43,0
DA:45,0
DA:49,1
DA:50,3
DA:51,3
DA:52,0
DA:54,3
DA:58,1
DA:59,0
DA:60,0
DA:62,0
LF:37
LH:27
BRDA:18,0,0,1
BRDA:18,0,1,0
BRF:2
BRH:1
end_of_record
TN:
SF:/Users/meganr/dev/codefellows-401-labs/lab-13-object-relational-mapping/fileData/model.js
FNF:0
FNH:0
DA:4,1
DA:6,1
DA:15,1
LF:3
LH:3
BRF:0
BRH:0
end_of_record
TN:
SF:/Users/meganr/dev/codefellows-401-labs/lab-13-object-relational-mapping/lib/error.js
FN:5,(anonymous_0)
FN:15,(anonymous_1)
FNF:2
FNH:2
FNDA:5,(anonymous_0)
FNDA:4,(anonymous_1)
DA:7,5
DA:9,5
DA:12,5
DA:16,4
DA:17,4
DA:18,4
DA:19,4
DA:20,4
DA:21,2
DA:22,2
DA:24,4
DA:25,2
DA:26,2
DA:28,4
DA:29,2
DA:30,2
DA:32,4
DA:33,2
DA:34,2
DA:40,1
LF:20
LH:20
BRDA:5,0,0,0
BRDA:20,1,0,2
BRDA:20,1,1,2
BRDA:24,2,0,2
BRDA:24,2,1,2
BRDA:28,3,0,2
BRDA:28,3,1,2
BRDA:32,4,0,2
BRDA:32,4,1,2
BRF:9
BRH:8
end_of_record
TN:
SF:/Users/meganr/dev/codefellows-401-labs/lab-13-object-relational-mapping/lib/mongooseDB.js
FNF:0
FNH:0
DA:3,1
DA:4,1
DA:6,1
LF:3
LH:3
BRF:0
BRH:0
end_of_record
TN:
SF:/Users/meganr/dev/codefellows-401-labs/lab-13-object-relational-mapping/lib/server.js
FN:9,(anonymous_0)
FNF:1
FNH:1
FNDA:5,(anonymous_0)
DA:4,1
DA:5,1
DA:7,1
DA:9,1
DA:10,5
DA:11,5
DA:12,5
DA:13,5
DA:14,5
LF:9
LH:9
BRDA:11,0,0,5
BRDA:11,0,1,0
BRDA:12,1,0,5
BRDA:12,1,1,0
BRF:4
BRH:2
end_of_record
